<?xml version="1.0" encoding="UTF-8"?>
<TestRun id="3a8ebe3a-7ce4-46e0-b8d9-a387cd424de2" name="XuanCanh-PC@DESKTOP-BE0JI52 2018-04-14 17:47:41" runUser="DESKTOP-BE0JI52\XuanCanh-PC" xmlns="http://microsoft.com/schemas/VisualStudio/TeamTest/2006">
  <TestRunConfiguration name="Local Test Run" id="a68c0ab0-2b38-4520-8388-51874d7f890d">
    <Description>This is a default test run configuration for a local test run.</Description>
    <Deployment runDeploymentRoot="E:\XUAN_CANH\DAI HOC MO\KiemThuPhanMem\DoAnTotNghiep\TestResults\XuanCanh-PC_DESKTOP-BE0JI52 2018-04-14 17_47_41">
      <DeploymentItem filename="E:\XUAN_CANH\DAI HOC MO\KiemThuPhanMem\DoAnTotNghiep\DoAnTotNghiep\bin\Debug\DevComponents.DotNetBar2.dll" />
      <DeploymentItem filename="E:\XUAN_CANH\DAI HOC MO\KiemThuPhanMem\DoAnTotNghiep\DoAnTotNghiep\bin\Debug\DevComponents.Instrumentation.Design.dll" />
      <DeploymentItem filename="E:\XUAN_CANH\DAI HOC MO\KiemThuPhanMem\DoAnTotNghiep\DoAnTotNghiep\bin\Debug\DevComponents.Instrumentation.dll" />
      <DeploymentItem filename="E:\XUAN_CANH\DAI HOC MO\KiemThuPhanMem\DoAnTotNghiep\DoAnTotNghiep\bin\Debug\DevComponents.DotNetBar.Design.dll" />
      <DeploymentItem filename="E:\XUAN_CANH\DAI HOC MO\KiemThuPhanMem\DoAnTotNghiep\DoAnTotNghiep\bin\Release\DoAnTotNghiep.exe" />
    </Deployment>
    <TestTypeSpecific />
  </TestRunConfiguration>
  <ResultSummary outcome="Completed">
    <Counters total="1" executed="1" passed="1" error="0" failed="0" timeout="0" aborted="0" inconclusive="0" passedButRunAborted="0" notRunnable="0" notExecuted="0" disconnected="0" warning="0" completed="0" inProgress="0" pending="0" />
  </ResultSummary>
  <Times creation="2018-04-14T17:47:41.4969798+07:00" queuing="2018-04-14T17:47:42.3792838+07:00" start="2018-04-14T17:47:42.7650390+07:00" finish="2018-04-14T17:47:47.8921570+07:00" />
  <TestDefinitions>
    <UnitTest name="btnDongY_ClickTest" storage="e:\xuan_canh\dai hoc mo\kiemthuphanmem\doantotnghiep\unit_test\bin\release\unit_test.dll" id="3e5bd26f-1fcd-1746-94d3-d0c6732d49b8">
      <Css projectStructure="" iteration="" />
      <Owners>
        <Owner name="" />
      </Owners>
      <DeploymentItems>
        <DeploymentItem filename="DoAnTotNghiep.exe" />
      </DeploymentItems>
      <Execution id="02a07e46-2406-43a1-84d3-31420de3f657" />
      <TestMethod codeBase="E:\XUAN_CANH\DAI HOC MO\KiemThuPhanMem\DoAnTotNghiep\Unit_Test\bin\Release\Unit_Test.dll" adapterTypeName="Microsoft.VisualStudio.TestTools.TestTypes.Unit.UnitTestAdapter, Microsoft.VisualStudio.QualityTools.Tips.UnitTest.Adapter, Version=9.0.0.0, Culture=neutral, PublicKeyToken=b03f5f7f11d50a3a" className="Unit_Test.DangNhapTest, Unit_Test" name="btnDongY_ClickTest" />
    </UnitTest>
  </TestDefinitions>
  <TestLists>
    <TestList name="Results Not in a List" id="8c84fa94-04c1-424b-9868-57a2d4851a1d" />
    <TestList name="All Loaded Results" id="19431567-8539-422a-85d7-44ee4e166bda" />
  </TestLists>
  <TestEntries>
    <TestEntry testId="3e5bd26f-1fcd-1746-94d3-d0c6732d49b8" executionId="02a07e46-2406-43a1-84d3-31420de3f657" testListId="8c84fa94-04c1-424b-9868-57a2d4851a1d" />
  </TestEntries>
  <Results>
    <UnitTestResult executionId="02a07e46-2406-43a1-84d3-31420de3f657" testId="3e5bd26f-1fcd-1746-94d3-d0c6732d49b8" testName="btnDongY_ClickTest" computerName="DESKTOP-BE0JI52" duration="00:00:03.5258942" startTime="2018-04-14T17:47:42.7675407+07:00" endTime="2018-04-14T17:47:46.3831305+07:00" testType="13cdc9d9-ddb5-4fa4-a97d-d965ccfc6d4b" outcome="Passed" testListId="8c84fa94-04c1-424b-9868-57a2d4851a1d">
      <Output>
      </Output>
    </UnitTestResult>
  </Results>
</TestRun>