<?xml version="1.0" encoding="UTF-8"?>
<TestRun id="d01d02f8-328d-465f-8349-fb69bd16e0d8" name="XuanCanh-PC@DESKTOP-BE0JI52 2018-04-13 14:55:37" runUser="DESKTOP-BE0JI52\XuanCanh-PC" xmlns="http://microsoft.com/schemas/VisualStudio/TeamTest/2006">
  <TestRunConfiguration name="Local Test Run" id="a68c0ab0-2b38-4520-8388-51874d7f890d">
    <Description>This is a default test run configuration for a local test run.</Description>
    <Deployment userDeploymentRoot="H:\TAILIEUQTRONG\NAM 3\HOC KY II\DoAnTotNghiep\TestResults" useDefaultDeploymentRoot="false" runDeploymentRoot="H:\TAILIEUQTRONG\NAM 3\HOC KY II\DoAnTotNghiep\TestResults\XuanCanh-PC_DESKTOP-BE0JI52 2018-04-13 14_55_37">
      <DeploymentItem filename="H:\TAILIEUQTRONG\NAM 3\HOC KY II\DoAnTotNghiep\DoAnTotNghiep\bin\Debug\DevComponents.DotNetBar.Design.dll" />
      <DeploymentItem filename="H:\TAILIEUQTRONG\NAM 3\HOC KY II\DoAnTotNghiep\DoAnTotNghiep\bin\Debug\DevComponents.DotNetBar2.dll" />
      <DeploymentItem filename="H:\TAILIEUQTRONG\NAM 3\HOC KY II\DoAnTotNghiep\DoAnTotNghiep\bin\Debug\DevComponents.Instrumentation.dll" />
      <DeploymentItem filename="H:\TAILIEUQTRONG\NAM 3\HOC KY II\DoAnTotNghiep\DoAnTotNghiep\bin\Release\DoAnTotNghiep.exe" />
      <DeploymentItem filename="H:\TAILIEUQTRONG\NAM 3\HOC KY II\DoAnTotNghiep\DoAnTotNghiep\bin\Debug\DevComponents.Instrumentation.Design.dll" />
    </Deployment>
    <TestTypeSpecific />
  </TestRunConfiguration>
  <ResultSummary outcome="Failed">
    <Counters total="1" executed="1" error="0" failed="1" timeout="0" aborted="0" inconclusive="0" passedButRunAborted="0" notRunnable="0" notExecuted="0" disconnected="0" warning="0" passed="0" completed="0" inProgress="0" pending="0" />
  </ResultSummary>
  <Times creation="2018-04-13T14:55:37.5296338+07:00" queuing="2018-04-13T14:55:38.7164188+07:00" start="2018-04-13T14:55:39.0866646+07:00" finish="2018-04-13T14:55:39.7586100+07:00" />
  <TestDefinitions>
    <UnitTest name="btnDongY_ClickTest_ErrorUserName" storage="h:\tailieuqtrong\nam 3\hoc ky ii\doantotnghiep\unit_test\bin\release\unit_test.dll" id="fdf19dcf-54b6-0a5c-c111-f057156e1e3c">
      <Css projectStructure="" iteration="" />
      <Owners>
        <Owner name="" />
      </Owners>
      <DeploymentItems>
        <DeploymentItem filename="DoAnTotNghiep.exe" />
      </DeploymentItems>
      <Execution id="1130c8b0-a4c4-4ce8-aa0f-a34b975347ba" />
      <TestMethod codeBase="H:\TAILIEUQTRONG\NAM 3\HOC KY II\DoAnTotNghiep\Unit_Test\bin\Release\Unit_Test.dll" adapterTypeName="Microsoft.VisualStudio.TestTools.TestTypes.Unit.UnitTestAdapter, Microsoft.VisualStudio.QualityTools.Tips.UnitTest.Adapter, Version=9.0.0.0, Culture=neutral, PublicKeyToken=b03f5f7f11d50a3a" className="Unit_Test.DangNhapTest, Unit_Test" name="btnDongY_ClickTest_ErrorUserName" />
    </UnitTest>
  </TestDefinitions>
  <TestLists>
    <TestList name="Results Not in a List" id="8c84fa94-04c1-424b-9868-57a2d4851a1d" />
    <TestList name="All Loaded Results" id="19431567-8539-422a-85d7-44ee4e166bda" />
  </TestLists>
  <TestEntries>
    <TestEntry testId="fdf19dcf-54b6-0a5c-c111-f057156e1e3c" executionId="1130c8b0-a4c4-4ce8-aa0f-a34b975347ba" testListId="8c84fa94-04c1-424b-9868-57a2d4851a1d" />
  </TestEntries>
  <Results>
    <UnitTestResult executionId="1130c8b0-a4c4-4ce8-aa0f-a34b975347ba" testId="fdf19dcf-54b6-0a5c-c111-f057156e1e3c" testName="btnDongY_ClickTest_ErrorUserName" computerName="DESKTOP-BE0JI52" duration="00:00:00.6040115" startTime="2018-04-13T14:55:39.0871658+07:00" endTime="2018-04-13T14:55:39.7501034+07:00" testType="13cdc9d9-ddb5-4fa4-a97d-d965ccfc6d4b" outcome="Failed" testListId="8c84fa94-04c1-424b-9868-57a2d4851a1d">
      <Output>
        <ErrorInfo>
          <Message>Assert.AreEqual failed. Expected:&lt;True&gt;. Actual:&lt;False&gt;. </Message>
          <StackTrace>   at Unit_Test.DangNhapTest.btnDongY_ClickTest_ErrorUserName() in H:\TAILIEUQTRONG\NAM 3\HOC KY II\DoAnTotNghiep\Unit_Test\DangNhapTest.cs:line 105
</StackTrace>
        </ErrorInfo>
      </Output>
    </UnitTestResult>
  </Results>
</TestRun>