<?xml version="1.0" encoding="UTF-8"?>
<TestRun id="c82df922-1b3b-412a-975d-1337c389ebca" name="XuanCanh-PC@DESKTOP-BE0JI52 2018-04-14 17:39:50" runUser="DESKTOP-BE0JI52\XuanCanh-PC" xmlns="http://microsoft.com/schemas/VisualStudio/TeamTest/2006">
  <TestRunConfiguration name="Local Test Run" id="a68c0ab0-2b38-4520-8388-51874d7f890d">
    <Description>This is a default test run configuration for a local test run.</Description>
    <Deployment runDeploymentRoot="E:\XUAN_CANH\DAI HOC MO\KiemThuPhanMem\DoAnTotNghiep\TestResults\XuanCanh-PC_DESKTOP-BE0JI52 2018-04-14 17_39_50">
      <DeploymentItem filename="E:\XUAN_CANH\DAI HOC MO\KiemThuPhanMem\DoAnTotNghiep\DoAnTotNghiep\bin\Debug\DevComponents.DotNetBar2.dll" />
      <DeploymentItem filename="E:\XUAN_CANH\DAI HOC MO\KiemThuPhanMem\DoAnTotNghiep\DoAnTotNghiep\bin\Debug\DevComponents.Instrumentation.Design.dll" />
      <DeploymentItem filename="E:\XUAN_CANH\DAI HOC MO\KiemThuPhanMem\DoAnTotNghiep\DoAnTotNghiep\bin\Debug\DevComponents.Instrumentation.dll" />
      <DeploymentItem filename="E:\XUAN_CANH\DAI HOC MO\KiemThuPhanMem\DoAnTotNghiep\DoAnTotNghiep\bin\Debug\DevComponents.DotNetBar.Design.dll" />
      <DeploymentItem filename="E:\XUAN_CANH\DAI HOC MO\KiemThuPhanMem\DoAnTotNghiep\DoAnTotNghiep\bin\Release\DoAnTotNghiep.exe" />
    </Deployment>
    <TestTypeSpecific />
  </TestRunConfiguration>
  <ResultSummary outcome="Error">
    <Counters total="1" executed="1" error="1" failed="0" timeout="0" aborted="0" inconclusive="0" passedButRunAborted="0" notRunnable="0" notExecuted="0" disconnected="0" warning="0" passed="0" completed="0" inProgress="0" pending="0" />
  </ResultSummary>
  <Times creation="2018-04-14T17:39:50.1482723+07:00" queuing="2018-04-14T17:39:51.5217289+07:00" start="2018-04-14T17:39:51.9079069+07:00" finish="2018-04-14T17:39:52.2623921+07:00" />
  <TestDefinitions>
    <UnitTest name="btnluu_ClickTest_New_Full" storage="e:\xuan_canh\dai hoc mo\kiemthuphanmem\doantotnghiep\unit_test\bin\release\unit_test.dll" id="d152c05d-ed8a-5d47-69b4-dd08490f1ffd">
      <Css projectStructure="" iteration="" />
      <Owners>
        <Owner name="" />
      </Owners>
      <DeploymentItems>
        <DeploymentItem filename="DoAnTotNghiep.exe" />
      </DeploymentItems>
      <Execution id="6d651f9b-c5e7-4441-8be7-96749a0a13ed" />
      <TestMethod codeBase="E:\XUAN_CANH\DAI HOC MO\KiemThuPhanMem\DoAnTotNghiep\Unit_Test\bin\Release\Unit_Test.dll" adapterTypeName="Microsoft.VisualStudio.TestTools.TestTypes.Unit.UnitTestAdapter, Microsoft.VisualStudio.QualityTools.Tips.UnitTest.Adapter, Version=9.0.0.0, Culture=neutral, PublicKeyToken=b03f5f7f11d50a3a" className="Unit_Test.ThietBi_EditTest, Unit_Test" name="btnluu_ClickTest_New_Full" />
    </UnitTest>
  </TestDefinitions>
  <TestLists>
    <TestList name="Results Not in a List" id="8c84fa94-04c1-424b-9868-57a2d4851a1d" />
    <TestList name="All Loaded Results" id="19431567-8539-422a-85d7-44ee4e166bda" />
  </TestLists>
  <TestEntries>
    <TestEntry testId="d152c05d-ed8a-5d47-69b4-dd08490f1ffd" executionId="6d651f9b-c5e7-4441-8be7-96749a0a13ed" testListId="8c84fa94-04c1-424b-9868-57a2d4851a1d" />
  </TestEntries>
  <Results>
    <UnitTestResult executionId="6d651f9b-c5e7-4441-8be7-96749a0a13ed" testId="d152c05d-ed8a-5d47-69b4-dd08490f1ffd" testName="btnluu_ClickTest_New_Full" computerName="DESKTOP-BE0JI52" duration="00:00:00" startTime="2018-04-14T17:39:52.0003820+07:00" endTime="2018-04-14T17:39:52.1954547+07:00" testType="13cdc9d9-ddb5-4fa4-a97d-d965ccfc6d4b" outcome="Error" testListId="8c84fa94-04c1-424b-9868-57a2d4851a1d">
      <Output>
        <ErrorInfo>
          <Message>Unable to get type Unit_Test.ThietBi_EditTest, Unit_Test. Error: System.BadImageFormatException: Could not load file or assembly 'Unit_Test, Version=1.0.0.0, Culture=neutral, PublicKeyToken=null' or one of its dependencies. An attempt was made to load a program with an incorrect format.
File name: 'Unit_Test, Version=1.0.0.0, Culture=neutral, PublicKeyToken=null'
   at System.Reflection.Assembly._nLoad(AssemblyName fileName, String codeBase, Evidence assemblySecurity, Assembly locationHint, StackCrawlMark&amp; stackMark, Boolean throwOnFileNotFound, Boolean forIntrospection)
   at System.Reflection.Assembly.nLoad(AssemblyName fileName, String codeBase, Evidence assemblySecurity, Assembly locationHint, StackCrawlMark&amp; stackMark, Boolean throwOnFileNotFound, Boolean forIntrospection)
   at System.Reflection.Assembly.InternalLoad(AssemblyName assemblyRef, Evidence assemblySecurity, StackCrawlMark&amp; stackMark, Boolean forIntrospection)
   at System.Reflection.Assembly.InternalLoadFrom(String assemblyFile, Evidence securityEvidence, Byte[] hashValue, AssemblyHashAlgorithm hashAlgorithm, Boolean forIntrospection, StackCrawlMark&amp; stackMark)
   at System.Reflection.Assembly.LoadFrom(String assemblyFile)
   at Microsoft.VisualStudio.TestTools.TestTypes.Unit.UnitTestExecuter.GetType(UnitTestElement unitTest, String type)
   at Microsoft.VisualStudio.TestTools.TestTypes.Unit.UnitTestExecuter.ResolveMethods()

.</Message>
        </ErrorInfo>
      </Output>
    </UnitTestResult>
  </Results>
</TestRun>